{"/Users/jasonhsu/reactNativeProject/MeetupsMap-API/lib/controllers/EntityController.js": {"path":"/Users/jasonhsu/reactNativeProject/MeetupsMap-API/lib/controllers/EntityController.js","statementMap":{"0":{"start":{"line":3,"column":4},"end":{"line":3,"column":34}},"1":{"start":{"line":4,"column":4},"end":{"line":4,"column":40}},"2":{"start":{"line":5,"column":4},"end":{"line":5,"column":41}},"3":{"start":{"line":6,"column":4},"end":{"line":6,"column":41}},"4":{"start":{"line":7,"column":4},"end":{"line":7,"column":43}},"5":{"start":{"line":8,"column":4},"end":{"line":8,"column":41}},"6":{"start":{"line":9,"column":4},"end":{"line":9,"column":41}},"7":{"start":{"line":13,"column":4},"end":{"line":25,"column":5}},"8":{"start":{"line":14,"column":21},"end":{"line":17,"column":7}},"9":{"start":{"line":18,"column":6},"end":{"line":18,"column":35}},"10":{"start":{"line":20,"column":6},"end":{"line":21,"column":53}},"11":{"start":{"line":21,"column":8},"end":{"line":21,"column":53}},"12":{"start":{"line":22,"column":6},"end":{"line":23,"column":65}},"13":{"start":{"line":23,"column":8},"end":{"line":23,"column":65}},"14":{"start":{"line":24,"column":6},"end":{"line":24,"column":43}},"15":{"start":{"line":28,"column":4},"end":{"line":38,"column":5}},"16":{"start":{"line":29,"column":34},"end":{"line":29,"column":57}},"17":{"start":{"line":30,"column":23},"end":{"line":30,"column":76}},"18":{"start":{"line":31,"column":6},"end":{"line":31,"column":37}},"19":{"start":{"line":33,"column":6},"end":{"line":34,"column":53}},"20":{"start":{"line":34,"column":8},"end":{"line":34,"column":53}},"21":{"start":{"line":35,"column":6},"end":{"line":36,"column":65}},"22":{"start":{"line":36,"column":8},"end":{"line":36,"column":65}},"23":{"start":{"line":37,"column":6},"end":{"line":37,"column":43}},"24":{"start":{"line":41,"column":4},"end":{"line":55,"column":5}},"25":{"start":{"line":42,"column":6},"end":{"line":42,"column":55}},"26":{"start":{"line":43,"column":17},"end":{"line":43,"column":40}},"27":{"start":{"line":44,"column":21},"end":{"line":47,"column":7}},"28":{"start":{"line":48,"column":6},"end":{"line":48,"column":35}},"29":{"start":{"line":50,"column":6},"end":{"line":51,"column":53}},"30":{"start":{"line":51,"column":8},"end":{"line":51,"column":53}},"31":{"start":{"line":52,"column":6},"end":{"line":53,"column":65}},"32":{"start":{"line":53,"column":8},"end":{"line":53,"column":65}},"33":{"start":{"line":54,"column":6},"end":{"line":54,"column":43}},"34":{"start":{"line":58,"column":4},"end":{"line":73,"column":5}},"35":{"start":{"line":59,"column":17},"end":{"line":59,"column":40}},"36":{"start":{"line":60,"column":21},"end":{"line":64,"column":7}},"37":{"start":{"line":66,"column":6},"end":{"line":66,"column":23}},"38":{"start":{"line":68,"column":6},"end":{"line":69,"column":53}},"39":{"start":{"line":69,"column":8},"end":{"line":69,"column":53}},"40":{"start":{"line":70,"column":6},"end":{"line":71,"column":65}},"41":{"start":{"line":71,"column":8},"end":{"line":71,"column":65}},"42":{"start":{"line":72,"column":6},"end":{"line":72,"column":43}},"43":{"start":{"line":76,"column":4},"end":{"line":90,"column":5}},"44":{"start":{"line":77,"column":6},"end":{"line":77,"column":44}},"45":{"start":{"line":78,"column":17},"end":{"line":78,"column":40}},"46":{"start":{"line":79,"column":21},"end":{"line":82,"column":7}},"47":{"start":{"line":83,"column":6},"end":{"line":83,"column":35}},"48":{"start":{"line":85,"column":6},"end":{"line":86,"column":53}},"49":{"start":{"line":86,"column":8},"end":{"line":86,"column":53}},"50":{"start":{"line":87,"column":6},"end":{"line":88,"column":65}},"51":{"start":{"line":88,"column":8},"end":{"line":88,"column":65}},"52":{"start":{"line":89,"column":6},"end":{"line":89,"column":43}},"53":{"start":{"line":94,"column":0},"end":{"line":94,"column":34}}},"fnMap":{"0":{"name":"(anonymous_0)","decl":{"start":{"line":2,"column":2},"end":{"line":2,"column":3}},"loc":{"start":{"line":2,"column":45},"end":{"line":10,"column":3}},"line":2},"1":{"name":"(anonymous_1)","decl":{"start":{"line":12,"column":2},"end":{"line":12,"column":3}},"loc":{"start":{"line":12,"column":31},"end":{"line":26,"column":3}},"line":12},"2":{"name":"(anonymous_2)","decl":{"start":{"line":27,"column":2},"end":{"line":27,"column":3}},"loc":{"start":{"line":27,"column":31},"end":{"line":39,"column":3}},"line":27},"3":{"name":"(anonymous_3)","decl":{"start":{"line":40,"column":2},"end":{"line":40,"column":3}},"loc":{"start":{"line":40,"column":32},"end":{"line":56,"column":3}},"line":40},"4":{"name":"(anonymous_4)","decl":{"start":{"line":57,"column":2},"end":{"line":57,"column":3}},"loc":{"start":{"line":57,"column":31},"end":{"line":74,"column":3}},"line":57},"5":{"name":"(anonymous_5)","decl":{"start":{"line":75,"column":2},"end":{"line":75,"column":3}},"loc":{"start":{"line":75,"column":31},"end":{"line":91,"column":3}},"line":75}},"branchMap":{"0":{"loc":{"start":{"line":20,"column":6},"end":{"line":21,"column":53}},"type":"if","locations":[{"start":{"line":20,"column":6},"end":{"line":21,"column":53}},{"start":{"line":20,"column":6},"end":{"line":21,"column":53}}],"line":20},"1":{"loc":{"start":{"line":22,"column":6},"end":{"line":23,"column":65}},"type":"if","locations":[{"start":{"line":22,"column":6},"end":{"line":23,"column":65}},{"start":{"line":22,"column":6},"end":{"line":23,"column":65}}],"line":22},"2":{"loc":{"start":{"line":33,"column":6},"end":{"line":34,"column":53}},"type":"if","locations":[{"start":{"line":33,"column":6},"end":{"line":34,"column":53}},{"start":{"line":33,"column":6},"end":{"line":34,"column":53}}],"line":33},"3":{"loc":{"start":{"line":35,"column":6},"end":{"line":36,"column":65}},"type":"if","locations":[{"start":{"line":35,"column":6},"end":{"line":36,"column":65}},{"start":{"line":35,"column":6},"end":{"line":36,"column":65}}],"line":35},"4":{"loc":{"start":{"line":50,"column":6},"end":{"line":51,"column":53}},"type":"if","locations":[{"start":{"line":50,"column":6},"end":{"line":51,"column":53}},{"start":{"line":50,"column":6},"end":{"line":51,"column":53}}],"line":50},"5":{"loc":{"start":{"line":52,"column":6},"end":{"line":53,"column":65}},"type":"if","locations":[{"start":{"line":52,"column":6},"end":{"line":53,"column":65}},{"start":{"line":52,"column":6},"end":{"line":53,"column":65}}],"line":52},"6":{"loc":{"start":{"line":68,"column":6},"end":{"line":69,"column":53}},"type":"if","locations":[{"start":{"line":68,"column":6},"end":{"line":69,"column":53}},{"start":{"line":68,"column":6},"end":{"line":69,"column":53}}],"line":68},"7":{"loc":{"start":{"line":70,"column":6},"end":{"line":71,"column":65}},"type":"if","locations":[{"start":{"line":70,"column":6},"end":{"line":71,"column":65}},{"start":{"line":70,"column":6},"end":{"line":71,"column":65}}],"line":70},"8":{"loc":{"start":{"line":85,"column":6},"end":{"line":86,"column":53}},"type":"if","locations":[{"start":{"line":85,"column":6},"end":{"line":86,"column":53}},{"start":{"line":85,"column":6},"end":{"line":86,"column":53}}],"line":85},"9":{"loc":{"start":{"line":87,"column":6},"end":{"line":88,"column":65}},"type":"if","locations":[{"start":{"line":87,"column":6},"end":{"line":88,"column":65}},{"start":{"line":87,"column":6},"end":{"line":88,"column":65}}],"line":87}},"s":{"0":1,"1":1,"2":1,"3":1,"4":1,"5":1,"6":1,"7":1,"8":1,"9":1,"10":0,"11":0,"12":0,"13":0,"14":0,"15":1,"16":1,"17":1,"18":1,"19":0,"20":0,"21":0,"22":0,"23":0,"24":1,"25":1,"26":1,"27":1,"28":1,"29":0,"30":0,"31":0,"32":0,"33":0,"34":1,"35":1,"36":1,"37":1,"38":0,"39":0,"40":0,"41":0,"42":0,"43":1,"44":1,"45":1,"46":1,"47":1,"48":0,"49":0,"50":0,"51":0,"52":0,"53":1},"f":{"0":1,"1":1,"2":1,"3":1,"4":1,"5":1},"b":{"0":[0,0],"1":[0,0],"2":[0,0],"3":[0,0],"4":[0,0],"5":[0,0],"6":[0,0],"7":[0,0],"8":[0,0],"9":[0,0]},"_coverageSchema":"332fd63041d2c1bcb487cc26dd0d5f7d97098a6c","hash":"b1fe6982568aa2175ab90273a336d40b2ffb54d7"}
,"/Users/jasonhsu/reactNativeProject/MeetupsMap-API/lib/repositories/EntityRepository.js": {"path":"/Users/jasonhsu/reactNativeProject/MeetupsMap-API/lib/repositories/EntityRepository.js","statementMap":{"0":{"start":{"line":3,"column":8},"end":{"line":3,"column":38}},"1":{"start":{"line":4,"column":8},"end":{"line":4,"column":34}},"2":{"start":{"line":7,"column":8},"end":{"line":12,"column":9}},"3":{"start":{"line":8,"column":27},"end":{"line":8,"column":65}},"4":{"start":{"line":9,"column":12},"end":{"line":9,"column":26}},"5":{"start":{"line":11,"column":12},"end":{"line":11,"column":24}},"6":{"start":{"line":15,"column":8},"end":{"line":25,"column":9}},"7":{"start":{"line":17,"column":29},"end":{"line":20,"column":13}},"8":{"start":{"line":22,"column":12},"end":{"line":22,"column":45}},"9":{"start":{"line":24,"column":12},"end":{"line":24,"column":24}},"10":{"start":{"line":29,"column":8},"end":{"line":34,"column":9}},"11":{"start":{"line":30,"column":29},"end":{"line":30,"column":81}},"12":{"start":{"line":31,"column":12},"end":{"line":31,"column":26}},"13":{"start":{"line":33,"column":12},"end":{"line":33,"column":24}},"14":{"start":{"line":38,"column":8},"end":{"line":45,"column":9}},"15":{"start":{"line":39,"column":26},"end":{"line":41,"column":35}},"16":{"start":{"line":42,"column":12},"end":{"line":42,"column":25}},"17":{"start":{"line":44,"column":12},"end":{"line":44,"column":24}},"18":{"start":{"line":49,"column":8},"end":{"line":57,"column":9}},"19":{"start":{"line":50,"column":28},"end":{"line":53,"column":13}},"20":{"start":{"line":54,"column":12},"end":{"line":54,"column":27}},"21":{"start":{"line":56,"column":12},"end":{"line":56,"column":24}},"22":{"start":{"line":61,"column":8},"end":{"line":69,"column":9}},"23":{"start":{"line":62,"column":26},"end":{"line":64,"column":30}},"24":{"start":{"line":66,"column":12},"end":{"line":66,"column":23}},"25":{"start":{"line":68,"column":12},"end":{"line":68,"column":24}},"26":{"start":{"line":73,"column":8},"end":{"line":80,"column":9}},"27":{"start":{"line":74,"column":26},"end":{"line":76,"column":30}},"28":{"start":{"line":77,"column":12},"end":{"line":77,"column":23}},"29":{"start":{"line":79,"column":12},"end":{"line":79,"column":24}},"30":{"start":{"line":84,"column":0},"end":{"line":84,"column":34}}},"fnMap":{"0":{"name":"(anonymous_0)","decl":{"start":{"line":2,"column":4},"end":{"line":2,"column":5}},"loc":{"start":{"line":2,"column":42},"end":{"line":5,"column":5}},"line":2},"1":{"name":"(anonymous_1)","decl":{"start":{"line":6,"column":4},"end":{"line":6,"column":5}},"loc":{"start":{"line":6,"column":19},"end":{"line":13,"column":5}},"line":6},"2":{"name":"(anonymous_2)","decl":{"start":{"line":14,"column":4},"end":{"line":14,"column":5}},"loc":{"start":{"line":14,"column":33},"end":{"line":26,"column":5}},"line":14},"3":{"name":"(anonymous_3)","decl":{"start":{"line":28,"column":4},"end":{"line":28,"column":5}},"loc":{"start":{"line":28,"column":22},"end":{"line":35,"column":5}},"line":28},"4":{"name":"(anonymous_4)","decl":{"start":{"line":37,"column":4},"end":{"line":37,"column":5}},"loc":{"start":{"line":37,"column":37},"end":{"line":46,"column":5}},"line":37},"5":{"name":"(anonymous_5)","decl":{"start":{"line":48,"column":4},"end":{"line":48,"column":5}},"loc":{"start":{"line":48,"column":57},"end":{"line":58,"column":5}},"line":48},"6":{"name":"(anonymous_6)","decl":{"start":{"line":59,"column":4},"end":{"line":59,"column":5}},"loc":{"start":{"line":59,"column":31},"end":{"line":70,"column":5}},"line":59},"7":{"name":"(anonymous_7)","decl":{"start":{"line":72,"column":4},"end":{"line":72,"column":5}},"loc":{"start":{"line":72,"column":25},"end":{"line":81,"column":5}},"line":72}},"branchMap":{},"s":{"0":1,"1":1,"2":2,"3":2,"4":1,"5":1,"6":2,"7":2,"8":1,"9":1,"10":2,"11":2,"12":1,"13":1,"14":0,"15":0,"16":0,"17":0,"18":2,"19":2,"20":1,"21":1,"22":2,"23":2,"24":1,"25":1,"26":0,"27":0,"28":0,"29":0,"30":1},"f":{"0":1,"1":2,"2":2,"3":2,"4":0,"5":2,"6":2,"7":0},"b":{},"_coverageSchema":"332fd63041d2c1bcb487cc26dd0d5f7d97098a6c","hash":"a532b4e13491dce4529af0e6f97884485d0f8721"}
}
