{"/Users/jasonhsu/reactNativeProject/MeetupsMap-API/lib/controllers/EntityController.js": {"path":"/Users/jasonhsu/reactNativeProject/MeetupsMap-API/lib/controllers/EntityController.js","statementMap":{"0":{"start":{"line":3,"column":8},"end":{"line":3,"column":38}},"1":{"start":{"line":4,"column":8},"end":{"line":4,"column":44}},"2":{"start":{"line":5,"column":8},"end":{"line":5,"column":45}},"3":{"start":{"line":6,"column":8},"end":{"line":6,"column":45}},"4":{"start":{"line":7,"column":8},"end":{"line":7,"column":47}},"5":{"start":{"line":8,"column":8},"end":{"line":8,"column":45}},"6":{"start":{"line":9,"column":8},"end":{"line":9,"column":45}},"7":{"start":{"line":13,"column":8},"end":{"line":25,"column":9}},"8":{"start":{"line":14,"column":27},"end":{"line":17,"column":13}},"9":{"start":{"line":18,"column":12},"end":{"line":18,"column":41}},"10":{"start":{"line":20,"column":12},"end":{"line":21,"column":61}},"11":{"start":{"line":21,"column":16},"end":{"line":21,"column":61}},"12":{"start":{"line":22,"column":12},"end":{"line":23,"column":73}},"13":{"start":{"line":23,"column":16},"end":{"line":23,"column":73}},"14":{"start":{"line":24,"column":12},"end":{"line":24,"column":49}},"15":{"start":{"line":28,"column":8},"end":{"line":39,"column":9}},"16":{"start":{"line":30,"column":40},"end":{"line":30,"column":63}},"17":{"start":{"line":31,"column":29},"end":{"line":31,"column":82}},"18":{"start":{"line":32,"column":12},"end":{"line":32,"column":43}},"19":{"start":{"line":34,"column":12},"end":{"line":35,"column":61}},"20":{"start":{"line":35,"column":16},"end":{"line":35,"column":61}},"21":{"start":{"line":36,"column":12},"end":{"line":37,"column":73}},"22":{"start":{"line":37,"column":16},"end":{"line":37,"column":73}},"23":{"start":{"line":38,"column":12},"end":{"line":38,"column":49}},"24":{"start":{"line":42,"column":8},"end":{"line":55,"column":9}},"25":{"start":{"line":43,"column":23},"end":{"line":43,"column":46}},"26":{"start":{"line":44,"column":27},"end":{"line":47,"column":13}},"27":{"start":{"line":48,"column":12},"end":{"line":48,"column":41}},"28":{"start":{"line":50,"column":12},"end":{"line":51,"column":61}},"29":{"start":{"line":51,"column":16},"end":{"line":51,"column":61}},"30":{"start":{"line":52,"column":12},"end":{"line":53,"column":73}},"31":{"start":{"line":53,"column":16},"end":{"line":53,"column":73}},"32":{"start":{"line":54,"column":12},"end":{"line":54,"column":49}},"33":{"start":{"line":58,"column":8},"end":{"line":73,"column":9}},"34":{"start":{"line":59,"column":23},"end":{"line":59,"column":46}},"35":{"start":{"line":60,"column":27},"end":{"line":64,"column":13}},"36":{"start":{"line":66,"column":12},"end":{"line":66,"column":29}},"37":{"start":{"line":68,"column":12},"end":{"line":69,"column":61}},"38":{"start":{"line":69,"column":16},"end":{"line":69,"column":61}},"39":{"start":{"line":70,"column":12},"end":{"line":71,"column":73}},"40":{"start":{"line":71,"column":16},"end":{"line":71,"column":73}},"41":{"start":{"line":72,"column":12},"end":{"line":72,"column":49}},"42":{"start":{"line":76,"column":8},"end":{"line":90,"column":9}},"43":{"start":{"line":77,"column":12},"end":{"line":77,"column":48}},"44":{"start":{"line":78,"column":23},"end":{"line":78,"column":46}},"45":{"start":{"line":79,"column":27},"end":{"line":82,"column":13}},"46":{"start":{"line":83,"column":12},"end":{"line":83,"column":41}},"47":{"start":{"line":85,"column":12},"end":{"line":86,"column":61}},"48":{"start":{"line":86,"column":16},"end":{"line":86,"column":61}},"49":{"start":{"line":87,"column":12},"end":{"line":88,"column":73}},"50":{"start":{"line":88,"column":16},"end":{"line":88,"column":73}},"51":{"start":{"line":89,"column":12},"end":{"line":89,"column":49}},"52":{"start":{"line":94,"column":0},"end":{"line":94,"column":34}}},"fnMap":{"0":{"name":"(anonymous_0)","decl":{"start":{"line":2,"column":4},"end":{"line":2,"column":5}},"loc":{"start":{"line":2,"column":47},"end":{"line":10,"column":5}},"line":2},"1":{"name":"(anonymous_1)","decl":{"start":{"line":12,"column":4},"end":{"line":12,"column":5}},"loc":{"start":{"line":12,"column":33},"end":{"line":26,"column":5}},"line":12},"2":{"name":"(anonymous_2)","decl":{"start":{"line":27,"column":4},"end":{"line":27,"column":5}},"loc":{"start":{"line":27,"column":33},"end":{"line":40,"column":5}},"line":27},"3":{"name":"(anonymous_3)","decl":{"start":{"line":41,"column":4},"end":{"line":41,"column":5}},"loc":{"start":{"line":41,"column":34},"end":{"line":56,"column":5}},"line":41},"4":{"name":"(anonymous_4)","decl":{"start":{"line":57,"column":4},"end":{"line":57,"column":5}},"loc":{"start":{"line":57,"column":33},"end":{"line":74,"column":5}},"line":57},"5":{"name":"(anonymous_5)","decl":{"start":{"line":75,"column":4},"end":{"line":75,"column":5}},"loc":{"start":{"line":75,"column":33},"end":{"line":91,"column":5}},"line":75}},"branchMap":{"0":{"loc":{"start":{"line":20,"column":12},"end":{"line":21,"column":61}},"type":"if","locations":[{"start":{"line":20,"column":12},"end":{"line":21,"column":61}},{"start":{"line":20,"column":12},"end":{"line":21,"column":61}}],"line":20},"1":{"loc":{"start":{"line":22,"column":12},"end":{"line":23,"column":73}},"type":"if","locations":[{"start":{"line":22,"column":12},"end":{"line":23,"column":73}},{"start":{"line":22,"column":12},"end":{"line":23,"column":73}}],"line":22},"2":{"loc":{"start":{"line":34,"column":12},"end":{"line":35,"column":61}},"type":"if","locations":[{"start":{"line":34,"column":12},"end":{"line":35,"column":61}},{"start":{"line":34,"column":12},"end":{"line":35,"column":61}}],"line":34},"3":{"loc":{"start":{"line":36,"column":12},"end":{"line":37,"column":73}},"type":"if","locations":[{"start":{"line":36,"column":12},"end":{"line":37,"column":73}},{"start":{"line":36,"column":12},"end":{"line":37,"column":73}}],"line":36},"4":{"loc":{"start":{"line":50,"column":12},"end":{"line":51,"column":61}},"type":"if","locations":[{"start":{"line":50,"column":12},"end":{"line":51,"column":61}},{"start":{"line":50,"column":12},"end":{"line":51,"column":61}}],"line":50},"5":{"loc":{"start":{"line":52,"column":12},"end":{"line":53,"column":73}},"type":"if","locations":[{"start":{"line":52,"column":12},"end":{"line":53,"column":73}},{"start":{"line":52,"column":12},"end":{"line":53,"column":73}}],"line":52},"6":{"loc":{"start":{"line":68,"column":12},"end":{"line":69,"column":61}},"type":"if","locations":[{"start":{"line":68,"column":12},"end":{"line":69,"column":61}},{"start":{"line":68,"column":12},"end":{"line":69,"column":61}}],"line":68},"7":{"loc":{"start":{"line":70,"column":12},"end":{"line":71,"column":73}},"type":"if","locations":[{"start":{"line":70,"column":12},"end":{"line":71,"column":73}},{"start":{"line":70,"column":12},"end":{"line":71,"column":73}}],"line":70},"8":{"loc":{"start":{"line":85,"column":12},"end":{"line":86,"column":61}},"type":"if","locations":[{"start":{"line":85,"column":12},"end":{"line":86,"column":61}},{"start":{"line":85,"column":12},"end":{"line":86,"column":61}}],"line":85},"9":{"loc":{"start":{"line":87,"column":12},"end":{"line":88,"column":73}},"type":"if","locations":[{"start":{"line":87,"column":12},"end":{"line":88,"column":73}},{"start":{"line":87,"column":12},"end":{"line":88,"column":73}}],"line":87}},"s":{"0":1,"1":1,"2":1,"3":1,"4":1,"5":1,"6":1,"7":1,"8":1,"9":1,"10":0,"11":0,"12":0,"13":0,"14":0,"15":1,"16":1,"17":1,"18":1,"19":0,"20":0,"21":0,"22":0,"23":0,"24":1,"25":1,"26":1,"27":1,"28":0,"29":0,"30":0,"31":0,"32":0,"33":1,"34":1,"35":1,"36":1,"37":0,"38":0,"39":0,"40":0,"41":0,"42":1,"43":1,"44":1,"45":1,"46":1,"47":0,"48":0,"49":0,"50":0,"51":0,"52":1},"f":{"0":1,"1":1,"2":1,"3":1,"4":1,"5":1},"b":{"0":[0,0],"1":[0,0],"2":[0,0],"3":[0,0],"4":[0,0],"5":[0,0],"6":[0,0],"7":[0,0],"8":[0,0],"9":[0,0]},"_coverageSchema":"332fd63041d2c1bcb487cc26dd0d5f7d97098a6c","hash":"898abf7773efa7abb7b03d8a49902ce75726f678"}
,"/Users/jasonhsu/reactNativeProject/MeetupsMap-API/lib/repositories/EntityRepository.js": {"path":"/Users/jasonhsu/reactNativeProject/MeetupsMap-API/lib/repositories/EntityRepository.js","statementMap":{"0":{"start":{"line":3,"column":8},"end":{"line":3,"column":38}},"1":{"start":{"line":4,"column":8},"end":{"line":4,"column":34}},"2":{"start":{"line":7,"column":8},"end":{"line":12,"column":9}},"3":{"start":{"line":8,"column":27},"end":{"line":8,"column":65}},"4":{"start":{"line":9,"column":12},"end":{"line":9,"column":26}},"5":{"start":{"line":11,"column":12},"end":{"line":11,"column":24}},"6":{"start":{"line":15,"column":8},"end":{"line":23,"column":9}},"7":{"start":{"line":16,"column":29},"end":{"line":19,"column":13}},"8":{"start":{"line":20,"column":12},"end":{"line":20,"column":45}},"9":{"start":{"line":22,"column":12},"end":{"line":22,"column":24}},"10":{"start":{"line":27,"column":8},"end":{"line":32,"column":9}},"11":{"start":{"line":28,"column":29},"end":{"line":28,"column":81}},"12":{"start":{"line":29,"column":12},"end":{"line":29,"column":26}},"13":{"start":{"line":31,"column":12},"end":{"line":31,"column":24}},"14":{"start":{"line":36,"column":8},"end":{"line":43,"column":9}},"15":{"start":{"line":37,"column":26},"end":{"line":39,"column":35}},"16":{"start":{"line":40,"column":12},"end":{"line":40,"column":25}},"17":{"start":{"line":42,"column":12},"end":{"line":42,"column":24}},"18":{"start":{"line":47,"column":8},"end":{"line":55,"column":9}},"19":{"start":{"line":48,"column":28},"end":{"line":51,"column":13}},"20":{"start":{"line":52,"column":12},"end":{"line":52,"column":27}},"21":{"start":{"line":54,"column":12},"end":{"line":54,"column":24}},"22":{"start":{"line":58,"column":8},"end":{"line":58,"column":39}},"23":{"start":{"line":59,"column":8},"end":{"line":67,"column":9}},"24":{"start":{"line":60,"column":26},"end":{"line":62,"column":30}},"25":{"start":{"line":63,"column":16},"end":{"line":63,"column":38}},"26":{"start":{"line":64,"column":12},"end":{"line":64,"column":23}},"27":{"start":{"line":66,"column":12},"end":{"line":66,"column":24}},"28":{"start":{"line":71,"column":8},"end":{"line":78,"column":9}},"29":{"start":{"line":72,"column":26},"end":{"line":74,"column":30}},"30":{"start":{"line":75,"column":12},"end":{"line":75,"column":23}},"31":{"start":{"line":77,"column":12},"end":{"line":77,"column":24}},"32":{"start":{"line":82,"column":0},"end":{"line":82,"column":34}}},"fnMap":{"0":{"name":"(anonymous_0)","decl":{"start":{"line":2,"column":4},"end":{"line":2,"column":5}},"loc":{"start":{"line":2,"column":42},"end":{"line":5,"column":5}},"line":2},"1":{"name":"(anonymous_1)","decl":{"start":{"line":6,"column":4},"end":{"line":6,"column":5}},"loc":{"start":{"line":6,"column":19},"end":{"line":13,"column":5}},"line":6},"2":{"name":"(anonymous_2)","decl":{"start":{"line":14,"column":4},"end":{"line":14,"column":5}},"loc":{"start":{"line":14,"column":33},"end":{"line":24,"column":5}},"line":14},"3":{"name":"(anonymous_3)","decl":{"start":{"line":26,"column":4},"end":{"line":26,"column":5}},"loc":{"start":{"line":26,"column":22},"end":{"line":33,"column":5}},"line":26},"4":{"name":"(anonymous_4)","decl":{"start":{"line":35,"column":4},"end":{"line":35,"column":5}},"loc":{"start":{"line":35,"column":37},"end":{"line":44,"column":5}},"line":35},"5":{"name":"(anonymous_5)","decl":{"start":{"line":46,"column":4},"end":{"line":46,"column":5}},"loc":{"start":{"line":46,"column":57},"end":{"line":56,"column":5}},"line":46},"6":{"name":"(anonymous_6)","decl":{"start":{"line":57,"column":4},"end":{"line":57,"column":5}},"loc":{"start":{"line":57,"column":31},"end":{"line":68,"column":5}},"line":57},"7":{"name":"(anonymous_7)","decl":{"start":{"line":70,"column":4},"end":{"line":70,"column":5}},"loc":{"start":{"line":70,"column":25},"end":{"line":79,"column":5}},"line":70}},"branchMap":{},"s":{"0":1,"1":1,"2":2,"3":2,"4":1,"5":1,"6":2,"7":2,"8":1,"9":1,"10":2,"11":2,"12":1,"13":1,"14":0,"15":0,"16":0,"17":0,"18":2,"19":2,"20":1,"21":1,"22":2,"23":2,"24":2,"25":1,"26":1,"27":1,"28":0,"29":0,"30":0,"31":0,"32":1},"f":{"0":1,"1":2,"2":2,"3":2,"4":0,"5":2,"6":2,"7":0},"b":{},"_coverageSchema":"332fd63041d2c1bcb487cc26dd0d5f7d97098a6c","hash":"b2735e959a0419175371d45a241b0f7da63f23c4"}
}
